2013/12/18 17:44:10 [error] [php] file_get_contents(okru.ru) [<a href='function.file-get-contents'>function.file-get-contents</a>]: failed to open stream: No such file or directory (Z:\home\toster\www\protected\extensions\DOMParser\SimpleHTMLDOM.php:85)
Stack trace:
#0 Z:\home\toster\www\protected\controllers\SiteController.php(20): FormPage->SearchForm()
#1 Z:\home\toster\www\framework\web\actions\CInlineAction.php(49): SiteController->actionIndex()
#2 Z:\home\toster\www\framework\web\CController.php(308): CInlineAction->runWithParams()
#3 Z:\home\toster\www\framework\web\CController.php(286): SiteController->runAction()
#4 Z:\home\toster\www\framework\web\CController.php(265): SiteController->runActionWithFilters()
#5 Z:\home\toster\www\framework\web\CWebApplication.php(282): SiteController->run()
#6 Z:\home\toster\www\framework\web\CWebApplication.php(141): CWebApplication->runController()
#7 Z:\home\toster\www\framework\base\CApplication.php(180): CWebApplication->processRequest()
#8 Z:\home\toster\www\index.php(13): CWebApplication->run()
REQUEST_URI=/
in Z:\home\toster\www\protected\extensions\DOMParser\SimpleHTMLDOM.php (85)
in Z:\home\toster\www\protected\models\FormPage.php (9)
in Z:\home\toster\www\protected\controllers\SiteController.php (20)
2014/01/26 17:24:57 [error] [php] Missing argument 1 for Page::__construct(), called in Z:\home\toster\www\protected\models\Page.php on line 21 and defined (Z:\home\toster\www\protected\models\Page.php:5)
Stack trace:
#0 Z:\home\toster\www\framework\web\actions\CInlineAction.php(49): ResourceController->actionHereGoes()
#1 Z:\home\toster\www\framework\web\CController.php(308): CInlineAction->runWithParams()
#2 Z:\home\toster\www\framework\web\filters\CFilterChain.php(133): ResourceController->runAction()
#3 Z:\home\toster\www\framework\web\filters\CFilter.php(40): CFilterChain->run()
#4 Z:\home\toster\www\framework\web\CController.php(1145): CAccessControlFilter->filter()
#5 Z:\home\toster\www\framework\web\filters\CInlineFilter.php(58): ResourceController->filterAccessControl()
#6 Z:\home\toster\www\framework\web\filters\CFilterChain.php(130): CInlineFilter->filter()
#7 Z:\home\toster\www\framework\web\CController.php(291): CFilterChain->run()
#8 Z:\home\toster\www\framework\web\CController.php(265): ResourceController->runActionWithFilters()
#9 Z:\home\toster\www\framework\web\CWebApplication.php(282): ResourceController->run()
#10 Z:\home\toster\www\framework\web\CWebApplication.php(141): CWebApplication->runController()
#11 Z:\home\toster\www\framework\base\CApplication.php(180): CWebApplication->processRequest()
#12 Z:\home\toster\www\index.php(13): CWebApplication->run()
REQUEST_URI=/index.php?r=Resource/HereGoes
in Z:\home\toster\www\protected\models\Page.php (5)
in Z:\home\toster\www\protected\models\Page.php (21)
in Z:\home\toster\www\protected\controllers\ResourceController.php (37)
2014/01/26 17:27:43 [error] [php] Missing argument 1 for Page::__construct(), called in Z:\home\toster\www\protected\models\Page.php on line 21 and defined (Z:\home\toster\www\protected\models\Page.php:5)
Stack trace:
#0 Z:\home\toster\www\framework\web\actions\CInlineAction.php(49): ResourceController->actionHereGoes()
#1 Z:\home\toster\www\framework\web\CController.php(308): CInlineAction->runWithParams()
#2 Z:\home\toster\www\framework\web\filters\CFilterChain.php(133): ResourceController->runAction()
#3 Z:\home\toster\www\framework\web\filters\CFilter.php(40): CFilterChain->run()
#4 Z:\home\toster\www\framework\web\CController.php(1145): CAccessControlFilter->filter()
#5 Z:\home\toster\www\framework\web\filters\CInlineFilter.php(58): ResourceController->filterAccessControl()
#6 Z:\home\toster\www\framework\web\filters\CFilterChain.php(130): CInlineFilter->filter()
#7 Z:\home\toster\www\framework\web\CController.php(291): CFilterChain->run()
#8 Z:\home\toster\www\framework\web\CController.php(265): ResourceController->runActionWithFilters()
#9 Z:\home\toster\www\framework\web\CWebApplication.php(282): ResourceController->run()
#10 Z:\home\toster\www\framework\web\CWebApplication.php(141): CWebApplication->runController()
#11 Z:\home\toster\www\framework\base\CApplication.php(180): CWebApplication->processRequest()
#12 Z:\home\toster\www\index.php(13): CWebApplication->run()
REQUEST_URI=/index.php?r=Resource/HereGoes
in Z:\home\toster\www\protected\models\Page.php (5)
in Z:\home\toster\www\protected\models\Page.php (21)
in Z:\home\toster\www\protected\controllers\ResourceController.php (37)
2014/01/26 17:40:19 [error] [php] Missing argument 1 for Form::__construct(), called in Z:\home\toster\www\protected\models\Page.php on line 22 and defined (Z:\home\toster\www\protected\models\Form.php:6)
Stack trace:
#0 Z:\home\toster\www\framework\web\actions\CInlineAction.php(49): ResourceController->actionHereGoes()
#1 Z:\home\toster\www\framework\web\CController.php(308): CInlineAction->runWithParams()
#2 Z:\home\toster\www\framework\web\filters\CFilterChain.php(133): ResourceController->runAction()
#3 Z:\home\toster\www\framework\web\filters\CFilter.php(40): CFilterChain->run()
#4 Z:\home\toster\www\framework\web\CController.php(1145): CAccessControlFilter->filter()
#5 Z:\home\toster\www\framework\web\filters\CInlineFilter.php(58): ResourceController->filterAccessControl()
#6 Z:\home\toster\www\framework\web\filters\CFilterChain.php(130): CInlineFilter->filter()
#7 Z:\home\toster\www\framework\web\CController.php(291): CFilterChain->run()
#8 Z:\home\toster\www\framework\web\CController.php(265): ResourceController->runActionWithFilters()
#9 Z:\home\toster\www\framework\web\CWebApplication.php(282): ResourceController->run()
#10 Z:\home\toster\www\framework\web\CWebApplication.php(141): CWebApplication->runController()
#11 Z:\home\toster\www\framework\base\CApplication.php(180): CWebApplication->processRequest()
#12 Z:\home\toster\www\index.php(13): CWebApplication->run()
REQUEST_URI=/index.php?r=Resource/HereGoes
in Z:\home\toster\www\protected\models\Form.php (6)
in Z:\home\toster\www\protected\models\Page.php (22)
in Z:\home\toster\www\protected\controllers\ResourceController.php (37)
2014/01/27 15:52:05 [error] [exception.CException] exception 'CException' with message 'CAssetManager.basePath "Z:\home\toster\www\assets" is invalid. Please make sure the directory exists and is writable by the Web server process.' in Z:\home\toster\www\framework\web\CAssetManager.php:138
Stack trace:
#0 Z:\home\toster\www\framework\web\CAssetManager.php(123): CAssetManager->setBasePath('Z:\home\toster\...')
#1 Z:\home\toster\www\framework\web\CAssetManager.php(217): CAssetManager->getBasePath()
#2 Z:\home\toster\www\framework\web\CClientScript.php(510): CAssetManager->publish('Z:\home\toster\...')
#3 Z:\home\toster\www\framework\web\CClientScript.php(547): CClientScript->getCoreScriptUrl()
#4 Z:\home\toster\www\framework\web\CClientScript.php(348): CClientScript->getPackageBaseUrl('jquery')
#5 Z:\home\toster\www\framework\web\CClientScript.php(208): CClientScript->renderCoreScripts()
#6 Z:\home\toster\www\framework\web\CController.php(351): CClientScript->render('<!DOCTYPE html ...')
#7 Z:\home\toster\www\framework\web\CController.php(788): CController->processOutput('<!DOCTYPE html ...')
#8 Z:\home\toster\www\protected\controllers\SiteController.php(67): CController->render('login', Array)
#9 Z:\home\toster\www\framework\web\actions\CInlineAction.php(49): SiteController->actionLogin()
#10 Z:\home\toster\www\framework\web\CController.php(308): CInlineAction->runWithParams(Array)
#11 Z:\home\toster\www\framework\web\CController.php(286): CController->runAction(Object(CInlineAction))
#12 Z:\home\toster\www\framework\web\CController.php(265): CController->runActionWithFilters(Object(CInlineAction), Array)
#13 Z:\home\toster\www\framework\web\CWebApplication.php(282): CController->run('login')
#14 Z:\home\toster\www\framework\web\CWebApplication.php(141): CWebApplication->runController('site/login')
#15 Z:\home\toster\www\framework\base\CApplication.php(180): CWebApplication->processRequest()
#16 Z:\home\toster\www\index.php(13): CApplication->run()
#17 {main}
REQUEST_URI=/index.php?r=site/login
HTTP_REFERER=http://toster/
---
